<?xml version="1.0" encoding="UTF-8"?>
<testng-results ignored="0" total="1" passed="1" failed="0" skipped="0">
  <reporter-output>
  </reporter-output>
  <suite started-at="2023-11-08T16:03:21 IST" name="Default suite" finished-at="2023-11-08T16:03:44 IST" duration-ms="23158">
    <groups>
    </groups>
    <test started-at="2023-11-08T16:03:21 IST" name="Default test" finished-at="2023-11-08T16:03:44 IST" duration-ms="23158">
      <class name="com.imit.waits.CheckBoxWait">
        <test-method signature="CheckBoxDemo()[pri:0, instance:com.imit.waits.CheckBoxWait@3bd82cf5]" started-at="2023-11-08T16:03:21 IST" name="CheckBoxDemo" finished-at="2023-11-08T16:03:44 IST" duration-ms="23053" status="PASS">
          <reporter-output>
          </reporter-output>
        </test-method> <!-- CheckBoxDemo -->
      </class> <!-- com.imit.waits.CheckBoxWait -->
    </test> <!-- Default test -->
  </suite> <!-- Default suite -->
</testng-results>
