<?xml version="1.0" encoding="UTF-8"?>
<testng-results ignored="0" total="1" passed="1" failed="0" skipped="0">
  <reporter-output>
  </reporter-output>
  <suite started-at="2023-11-07T20:49:31 IST" name="Default suite" finished-at="2023-11-07T20:49:50 IST" duration-ms="18306">
    <groups>
    </groups>
    <test started-at="2023-11-07T20:49:31 IST" name="Default test" finished-at="2023-11-07T20:49:50 IST" duration-ms="18306">
      <class name="com.imit.waits.ImplicitWaitDemo">
        <test-method signature="implicitwaitTest()[pri:0, instance:com.imit.waits.ImplicitWaitDemo@fa4c865]" started-at="2023-11-07T20:49:32 IST" name="implicitwaitTest" finished-at="2023-11-07T20:49:50 IST" duration-ms="18184" status="PASS">
          <reporter-output>
          </reporter-output>
        </test-method> <!-- implicitwaitTest -->
      </class> <!-- com.imit.waits.ImplicitWaitDemo -->
    </test> <!-- Default test -->
  </suite> <!-- Default suite -->
</testng-results>
